<?xml version="1.0" encoding="UTF-8"?>
<!-- Generated by org.testng.reporters.JUnitReportReporter -->
<testsuite hostname="DESKTOP-5I8QE3D" failures="0" tests="2" name="runner.test_runner" time="58.586" errors="0" timestamp="8 Nov 2022 11:36:32 GMT">
  <testcase classname="runner.test_runner" name="runScenario" time="36.638"/>
  <testcase classname="runner.test_runner" name="runScenario" time="21.948"/>
</testsuite> <!-- runner.test_runner -->
