<?xml version="1.0" encoding="UTF-8"?>
<!-- Generated by org.testng.reporters.JUnitReportReporter -->
<testsuite hostname="DESKTOP-5I8QE3D" failures="0" tests="2" name="runner.test_runner" time="51.061" errors="0" timestamp="8 Nov 2022 11:43:01 GMT">
  <testcase classname="runner.test_runner" name="runScenario" time="34.398"/>
  <testcase classname="runner.test_runner" name="runScenario" time="16.663"/>
</testsuite> <!-- runner.test_runner -->
